Using pre-set license
Built from '2020.3/staging' branch; Version is '2020.3.0f1 (c7b5465681fb) revision 13088070'; Using compiler version '192528614'; Build Type 'Release'
OS: 'Windows 10 Pro; OS build 19041.928; Version 2004; 64bit' Language: 'en' Physical Memory: 16323 MB
BatchMode: 1, IsHumanControllingUs: 0, StartBugReporterOnCrash: 0, Is64bit: 1, IsPro: 0

 COMMAND LINE ARGUMENTS:
F:\Unity\2020.3.0f1\Editor\Unity.exe
-adb2
-batchMode
-noUpm
-name
AssetImportWorker0
-projectPath
C:/Users/intel/Downloads/Frogger/Frogger
-logFile
Logs/AssetImportWorker0.log
-srvPort
55959
Successfully changed project path to: C:/Users/intel/Downloads/Frogger/Frogger
C:/Users/intel/Downloads/Frogger/Frogger
Using Asset Import Pipeline V2.
Refreshing native plugins compatible for Editor in 38.62 ms, found 1 plugins.
Preloading 0 native plugins for Editor in 0.00 ms.
Initialize engine version: 2020.3.0f1 (c7b5465681fb)
[Subsystems] Discovering subsystems at path F:/Unity/2020.3.0f1/Editor/Data/Resources/UnitySubsystems
[Subsystems] Discovering subsystems at path C:/Users/intel/Downloads/Frogger/Frogger/Assets
GfxDevice: creating device client; threaded=0
Direct3D:
    Version:  Direct3D 11.0 [level 11.1]
    Renderer: NVIDIA GeForce GTX 1050 Ti (ID=0x1c82)
    Vendor:   
    VRAM:     4018 MB
    Driver:   27.21.14.6172
Initialize mono
Mono path[0] = 'F:/Unity/2020.3.0f1/Editor/Data/Managed'
Mono path[1] = 'F:/Unity/2020.3.0f1/Editor/Data/MonoBleedingEdge/lib/mono/unityjit'
Mono config path = 'F:/Unity/2020.3.0f1/Editor/Data/MonoBleedingEdge/etc'
Using monoOptions --debugger-agent=transport=dt_socket,embedding=1,server=y,suspend=n,address=127.0.0.1:56608
Begin MonoManager ReloadAssembly
Registering precompiled unity dll's ...
Register platform support module: F:/Unity/2020.3.0f1/Editor/Data/PlaybackEngines/WindowsStandaloneSupport/UnityEditor.WindowsStandalone.Extensions.dll
Registered in 0.001131 seconds.
Native extension for WindowsStandalone target not found
Refreshing native plugins compatible for Editor in 35.73 ms, found 1 plugins.
Preloading 0 native plugins for Editor in 0.00 ms.
Invoked RoslynAnalysisRunner static constructor.
RoslynAnalysisRunner will not be running.
RoslynAnalysisRunner has terminated.
Mono: successfully reloaded assembly
- Completed reload, in  0.977 seconds
Platform modules already initialized, skipping
Registering precompiled user dll's ...
Registered in 0.001212 seconds.
Begin MonoManager ReloadAssembly
Native extension for WindowsStandalone target not found
Refreshing native plugins compatible for Editor in 36.76 ms, found 1 plugins.
Preloading 0 native plugins for Editor in 0.00 ms.
Invoked RoslynAnalysisRunner static constructor.
RoslynAnalysisRunner will not be running.
RoslynAnalysisRunner has terminated.
Mono: successfully reloaded assembly
- Completed reload, in  0.913 seconds
Platform modules already initialized, skipping
========================================================================
Worker process is ready to serve import requests
Launched and connected shader compiler UnityShaderCompiler.exe after 0.05 seconds
Refreshing native plugins compatible for Editor in 0.50 ms, found 1 plugins.
Preloading 0 native plugins for Editor in 0.00 ms.
Unloading 1819 Unused Serialized files (Serialized files now loaded: 0)
System memory in use before: 85.4 MB.
System memory in use after: 85.4 MB.

Unloading 24 unused Assets to reduce memory usage. Loaded Objects now: 2266.
Total: 2.424300 ms (FindLiveObjects: 0.309700 ms CreateObjectMapping: 0.131800 ms MarkObjects: 1.862000 ms  DeleteObjects: 0.119100 ms)

========================================================================
Received Import Request.
  path: Assets/Scripts/FrogController.cs
  artifactKey: Guid(75c532fd68c4c0945b6dbf8da2e7aa23) Importer(815301076,1909f56bfc062723c751e8b465ee728b)
Start importing Assets/Scripts/FrogController.cs using Guid(75c532fd68c4c0945b6dbf8da2e7aa23) Importer(815301076,1909f56bfc062723c751e8b465ee728b)  -> (artifact id: '08feefc4d866c5f6542cfc0224359f42') in 0.037322 seconds
  Import took 0.041563 seconds .

========================================================================
Received Import Request.
  Time since last request: 0.000405 seconds.
  path: Assets/Scripts/SpawnableObject.cs
  artifactKey: Guid(3b255b3b1332a7a428a8d33b3e30fefd) Importer(815301076,1909f56bfc062723c751e8b465ee728b)
Start importing Assets/Scripts/SpawnableObject.cs using Guid(3b255b3b1332a7a428a8d33b3e30fefd) Importer(815301076,1909f56bfc062723c751e8b465ee728b)  -> (artifact id: 'adf442598903e9cd720bc4f5cdfb475e') in 0.001993 seconds
  Import took 0.005960 seconds .

========================================================================
Received Import Request.
  Time since last request: 0.000308 seconds.
  path: Assets/Scripts/GameManager.cs
  artifactKey: Guid(3e167a9db5218f94e8791640140cde74) Importer(815301076,1909f56bfc062723c751e8b465ee728b)
Start importing Assets/Scripts/GameManager.cs using Guid(3e167a9db5218f94e8791640140cde74) Importer(815301076,1909f56bfc062723c751e8b465ee728b)  -> (artifact id: '91c3704b9b16e4690c479cedb41c77a5') in 0.002316 seconds
  Import took 0.005646 seconds .

========================================================================
Received Import Request.
  Time since last request: 0.000360 seconds.
  path: Assets/Scripts/LaneController.cs
  artifactKey: Guid(778b7c42bfa634249929cc9d04bfff09) Importer(815301076,1909f56bfc062723c751e8b465ee728b)
Start importing Assets/Scripts/LaneController.cs using Guid(778b7c42bfa634249929cc9d04bfff09) Importer(815301076,1909f56bfc062723c751e8b465ee728b)  -> (artifact id: '83633ebf6b70b441600e03530226d15b') in 0.001831 seconds
  Import took 0.004849 seconds .

========================================================================
Received Import Request.
  Time since last request: 0.000255 seconds.
  path: Assets/Scripts/Turtle.cs
  artifactKey: Guid(7bf110cc0d1281a4f845e0e00b963851) Importer(815301076,1909f56bfc062723c751e8b465ee728b)
Start importing Assets/Scripts/Turtle.cs using Guid(7bf110cc0d1281a4f845e0e00b963851) Importer(815301076,1909f56bfc062723c751e8b465ee728b)  -> (artifact id: '7774e873f09ef272d057b870efd3f96a') in 0.002327 seconds
  Import took 0.005702 seconds .

========================================================================
Received Import Request.
  Time since last request: 67.578604 seconds.
  path: Assets/Scripts/FrogControllers.cs
  artifactKey: Guid(75c532fd68c4c0945b6dbf8da2e7aa23) Importer(815301076,1909f56bfc062723c751e8b465ee728b)
Start importing Assets/Scripts/FrogControllers.cs using Guid(75c532fd68c4c0945b6dbf8da2e7aa23) Importer(815301076,1909f56bfc062723c751e8b465ee728b)  -> (artifact id: '37d754895735b4e450310353b06953fa') in 0.002258 seconds
  Import took 0.005634 seconds .

========================================================================
Received Prepare
Registering precompiled user dll's ...
Registered in 0.001524 seconds.
Begin MonoManager ReloadAssembly
Native extension for WindowsStandalone target not found
Refreshing native plugins compatible for Editor in 0.67 ms, found 1 plugins.
Preloading 0 native plugins for Editor in 0.00 ms.
Invoked RoslynAnalysisRunner static constructor.
RoslynAnalysisRunner will not be running.
RoslynAnalysisRunner has terminated.
Mono: successfully reloaded assembly
- Completed reload, in  0.850 seconds
Platform modules already initialized, skipping
Refreshing native plugins compatible for Editor in 0.36 ms, found 1 plugins.
Preloading 0 native plugins for Editor in 0.00 ms.
Unloading 1814 Unused Serialized files (Serialized files now loaded: 0)
System memory in use before: 85.4 MB.
System memory in use after: 85.4 MB.

Unloading 12 unused Assets to reduce memory usage. Loaded Objects now: 2270.
Total: 2.148600 ms (FindLiveObjects: 0.318100 ms CreateObjectMapping: 0.090600 ms MarkObjects: 1.635200 ms  DeleteObjects: 0.102100 ms)

========================================================================
Received Prepare
Registering precompiled user dll's ...
Registered in 0.001171 seconds.
Begin MonoManager ReloadAssembly
Native extension for WindowsStandalone target not found
Refreshing native plugins compatible for Editor in 0.36 ms, found 1 plugins.
Preloading 0 native plugins for Editor in 0.00 ms.
Invoked RoslynAnalysisRunner static constructor.
RoslynAnalysisRunner will not be running.
RoslynAnalysisRunner has terminated.
Mono: successfully reloaded assembly
- Completed reload, in  0.824 seconds
Platform modules already initialized, skipping
Refreshing native plugins compatible for Editor in 0.37 ms, found 1 plugins.
Preloading 0 native plugins for Editor in 0.00 ms.
Unloading 1814 Unused Serialized files (Serialized files now loaded: 0)
System memory in use before: 85.4 MB.
System memory in use after: 85.4 MB.

Unloading 12 unused Assets to reduce memory usage. Loaded Objects now: 2274.
Total: 1.911800 ms (FindLiveObjects: 0.239200 ms CreateObjectMapping: 0.069200 ms MarkObjects: 1.505800 ms  DeleteObjects: 0.096200 ms)

========================================================================
Received Import Request.
  Time since last request: 701.078457 seconds.
  path: Assets/Scripts/FrogController.cs
  artifactKey: Guid(75c532fd68c4c0945b6dbf8da2e7aa23) Importer(815301076,1909f56bfc062723c751e8b465ee728b)
Start importing Assets/Scripts/FrogController.cs using Guid(75c532fd68c4c0945b6dbf8da2e7aa23) Importer(815301076,1909f56bfc062723c751e8b465ee728b)  -> (artifact id: '4ad6280224dee8ea47c6709b07fb1a4f') in 0.004649 seconds
  Import took 0.008051 seconds .

========================================================================
Received Prepare
Registering precompiled user dll's ...
Registered in 0.001116 seconds.
Begin MonoManager ReloadAssembly
Native extension for WindowsStandalone target not found
Refreshing native plugins compatible for Editor in 0.36 ms, found 1 plugins.
Preloading 0 native plugins for Editor in 0.00 ms.
Invoked RoslynAnalysisRunner static constructor.
RoslynAnalysisRunner will not be running.
RoslynAnalysisRunner has terminated.
Mono: successfully reloaded assembly
- Completed reload, in  0.821 seconds
Platform modules already initialized, skipping
Refreshing native plugins compatible for Editor in 0.36 ms, found 1 plugins.
Preloading 0 native plugins for Editor in 0.00 ms.
Unloading 1814 Unused Serialized files (Serialized files now loaded: 0)
System memory in use before: 85.5 MB.
System memory in use after: 85.5 MB.

Unloading 12 unused Assets to reduce memory usage. Loaded Objects now: 2278.
Total: 2.563000 ms (FindLiveObjects: 0.366500 ms CreateObjectMapping: 0.125300 ms MarkObjects: 1.960800 ms  DeleteObjects: 0.108400 ms)

========================================================================
Received Prepare
Registering precompiled user dll's ...
Registered in 0.001315 seconds.
Begin MonoManager ReloadAssembly
Native extension for WindowsStandalone target not found
Refreshing native plugins compatible for Editor in 0.37 ms, found 1 plugins.
Preloading 0 native plugins for Editor in 0.00 ms.
Invoked RoslynAnalysisRunner static constructor.
RoslynAnalysisRunner will not be running.
RoslynAnalysisRunner has terminated.
Mono: successfully reloaded assembly
- Completed reload, in  0.822 seconds
Platform modules already initialized, skipping
Refreshing native plugins compatible for Editor in 0.36 ms, found 1 plugins.
Preloading 0 native plugins for Editor in 0.00 ms.
Unloading 1814 Unused Serialized files (Serialized files now loaded: 0)
System memory in use before: 85.5 MB.
System memory in use after: 85.5 MB.

Unloading 12 unused Assets to reduce memory usage. Loaded Objects now: 2282.
Total: 1.944100 ms (FindLiveObjects: 0.201100 ms CreateObjectMapping: 0.069200 ms MarkObjects: 1.576600 ms  DeleteObjects: 0.096100 ms)

========================================================================
Received Prepare
Registering precompiled user dll's ...
Registered in 0.001299 seconds.
Begin MonoManager ReloadAssembly
Native extension for WindowsStandalone target not found
Refreshing native plugins compatible for Editor in 0.39 ms, found 1 plugins.
Preloading 0 native plugins for Editor in 0.00 ms.
Invoked RoslynAnalysisRunner static constructor.
RoslynAnalysisRunner will not be running.
RoslynAnalysisRunner has terminated.
Mono: successfully reloaded assembly
- Completed reload, in  0.946 seconds
Platform modules already initialized, skipping
Refreshing native plugins compatible for Editor in 0.38 ms, found 1 plugins.
Preloading 0 native plugins for Editor in 0.00 ms.
Unloading 1814 Unused Serialized files (Serialized files now loaded: 0)
System memory in use before: 85.5 MB.
System memory in use after: 85.5 MB.

Unloading 12 unused Assets to reduce memory usage. Loaded Objects now: 2286.
Total: 2.511500 ms (FindLiveObjects: 0.344000 ms CreateObjectMapping: 0.231500 ms MarkObjects: 1.779500 ms  DeleteObjects: 0.154300 ms)

AssetImportWorkerClient::OnTransportError - code=2 error=End of file
